/*C117*/SET SCHEMA PUBLIC
INSERT INTO USUARIO VALUES(149,'jhon@costa.com','Jhon Costa')
COMMIT
INSERT INTO USUARIO VALUES(150,'jhon@costa.com','Jhon Costa')
COMMIT
INSERT INTO USUARIO VALUES(151,'jhon@costa.com','Jhon Costa')
COMMIT
INSERT INTO USUARIO VALUES(152,'jhon@costa.com','Jhon Costa')
COMMIT
/*C116*/SET SCHEMA PUBLIC
DISCONNECT
/*C117*/DISCONNECT
/*C118*/SET SCHEMA PUBLIC
DISCONNECT
/*C121*/SET SCHEMA PUBLIC
INSERT INTO USUARIO VALUES(153,'jhon@costa.com','Jhon Costa')
COMMIT
INSERT INTO USUARIO VALUES(154,'jhon@costa.com','Jhon Costa')
COMMIT
INSERT INTO LEILAO VALUES(41,'2018-05-13 23:23:11.679000','Bicicleta','1',300.0E0,129)
COMMIT
INSERT INTO USUARIO VALUES(155,'jhon@costa.com','Jhon Costa')
COMMIT
/*C119*/SET SCHEMA PUBLIC
DISCONNECT
/*C121*/DISCONNECT
/*C120*/SET SCHEMA PUBLIC
DISCONNECT
/*C124*/SET SCHEMA PUBLIC
INSERT INTO USUARIO VALUES(156,'jhon@costa.com','Jhon Costa')
COMMIT
INSERT INTO USUARIO VALUES(157,'jhon@costa.com','Jhon Costa')
COMMIT
INSERT INTO LEILAO VALUES(42,'2018-05-13 23:23:48.846000','Bicicleta','1',300.0E0,129)
COMMIT
INSERT INTO USUARIO VALUES(158,'jhon@costa.com','Jhon Costa')
COMMIT
DISCONNECT
/*C123*/SET SCHEMA PUBLIC
DISCONNECT
/*C122*/SET SCHEMA PUBLIC
DISCONNECT
/*C125*/SET SCHEMA PUBLIC
DISCONNECT
/*C126*/SET SCHEMA PUBLIC
DISCONNECT
/*C127*/SET SCHEMA PUBLIC
DISCONNECT
/*C128*/SET SCHEMA PUBLIC
DISCONNECT
/*C129*/SET SCHEMA PUBLIC
DISCONNECT
/*C130*/SET SCHEMA PUBLIC
DISCONNECT
/*C133*/SET SCHEMA PUBLIC
DISCONNECT
/*C131*/SET SCHEMA PUBLIC
DISCONNECT
/*C132*/SET SCHEMA PUBLIC
DISCONNECT
